TN:
SF:src\modules\classroom\stores\roomStore.ts
FN:64,joinRoom
FN:150,setupEngineListeners
FN:178,leaveRoom
FN:184,startSession
FN:191,pauseSession
FN:199,resumeSession
FN:207,terminateSession
FN:214,updateBoardState
FN:219,setLayoutMode
FN:223,startTimer
FN:231,stopTimer
FN:238,setCurrentUserId
FN:243,setSessionData
FN:249,validateToken
FN:264,reconnect
FN:278,$reset
FNF:16
FNH:3
FNDA:13,joinRoom
FNDA:13,setupEngineListeners
FNDA:0,leaveRoom
FNDA:0,startSession
FNDA:0,pauseSession
FNDA:0,resumeSession
FNDA:0,terminateSession
FNDA:0,updateBoardState
FNDA:0,setLayoutMode
FNDA:13,startTimer
FNDA:0,stopTimer
FNDA:0,setCurrentUserId
FNDA:0,setSessionData
FNDA:0,validateToken
FNDA:0,reconnect
FNDA:0,$reset
DA:1,1
DA:15,1
DA:17,13
DA:18,13
DA:19,13
DA:20,13
DA:21,13
DA:23,13
DA:24,13
DA:27,13
DA:30,13
DA:31,13
DA:34,13
DA:37,13
DA:40,13
DA:41,0
DA:42,0
DA:43,13
DA:45,13
DA:46,13
DA:47,13
DA:49,13
DA:50,13
DA:52,13
DA:53,0
DA:54,0
DA:55,0
DA:57,0
DA:58,0
DA:59,0
DA:60,0
DA:61,13
DA:64,13
DA:65,13
DA:66,13
DA:68,13
DA:69,13
DA:72,13
DA:74,13
DA:77,13
DA:78,13
DA:79,13
DA:80,13
DA:81,13
DA:82,13
DA:83,13
DA:84,13
DA:85,13
DA:86,13
DA:87,13
DA:88,13
DA:89,13
DA:90,13
DA:91,13
DA:92,13
DA:93,13
DA:94,13
DA:95,13
DA:96,13
DA:97,13
DA:98,13
DA:99,13
DA:100,13
DA:101,13
DA:102,13
DA:103,13
DA:104,13
DA:105,13
DA:106,13
DA:107,13
DA:108,13
DA:110,0
DA:111,0
DA:113,13
DA:114,13
DA:115,13
DA:116,13
DA:117,13
DA:118,13
DA:121,13
DA:122,13
DA:123,13
DA:124,13
DA:125,13
DA:126,13
DA:127,13
DA:130,13
DA:133,13
DA:135,13
DA:136,13
DA:137,13
DA:139,0
DA:140,0
DA:141,0
DA:142,0
DA:143,13
DA:144,0
DA:145,0
DA:146,0
DA:147,0
DA:148,13
DA:150,13
DA:151,13
DA:153,13
DA:154,0
DA:155,13
DA:157,13
DA:158,0
DA:159,13
DA:161,13
DA:162,0
DA:163,13
DA:165,13
DA:166,0
DA:167,13
DA:169,13
DA:170,0
DA:171,13
DA:173,13
DA:174,0
DA:175,13
DA:176,13
DA:178,13
DA:179,0
DA:180,0
DA:181,0
DA:182,0
DA:184,13
DA:185,0
DA:187,0
DA:188,0
DA:189,0
DA:191,13
DA:192,0
DA:194,0
DA:195,0
DA:196,0
DA:197,0
DA:199,13
DA:200,0
DA:202,0
DA:203,0
DA:204,0
DA:205,0
DA:207,13
DA:208,0
DA:210,0
DA:211,0
DA:212,0
DA:214,13
DA:215,0
DA:216,0
DA:217,0
DA:219,13
DA:220,0
DA:221,0
DA:223,13
DA:224,13
DA:226,13
DA:227,0
DA:228,13
DA:229,13
DA:231,13
DA:232,0
DA:233,0
DA:234,0
DA:235,0
DA:236,0
DA:238,13
DA:239,0
DA:240,0
DA:243,13
DA:244,0
DA:245,0
DA:246,0
DA:249,13
DA:250,0
DA:252,0
DA:254,0
DA:255,0
DA:257,0
DA:258,0
DA:259,0
DA:260,0
DA:261,0
DA:264,13
DA:265,0
DA:267,0
DA:269,0
DA:270,0
DA:271,0
DA:272,0
DA:273,0
DA:274,0
DA:275,0
DA:276,0
DA:278,13
DA:279,0
DA:280,0
DA:281,0
DA:282,0
DA:283,0
DA:284,0
DA:285,0
DA:286,0
DA:287,0
DA:288,0
DA:289,0
DA:290,0
DA:292,13
DA:294,13
DA:295,13
DA:296,13
DA:297,13
DA:298,13
DA:299,13
DA:300,13
DA:301,13
DA:302,13
DA:303,13
DA:304,13
DA:307,13
DA:308,13
DA:309,13
DA:310,13
DA:311,13
DA:312,13
DA:313,13
DA:316,13
DA:317,13
DA:318,13
DA:319,13
DA:320,13
DA:321,13
DA:322,13
DA:323,13
DA:324,13
DA:325,13
DA:326,13
DA:327,13
DA:328,13
DA:329,13
DA:330,13
LF:243
LH:149
BRDA:15,0,0,13
BRDA:64,1,0,13
BRDA:108,2,0,0
BRDA:117,3,0,0
BRDA:137,4,0,0
BRDA:143,5,0,0
BRDA:150,6,0,13
BRDA:151,7,0,0
BRDA:223,8,0,13
BRDA:224,9,0,0
BRF:10
BRH:4
end_of_record
TN:
SF:src\modules\classroom\stores\whiteboardStore.ts
FN:94,bootstrap
FN:192,createPage
FN:247,showPaywall
FN:255,closePaywall
FN:263,switchToPage
FN:284,loadActivePage
FN:299,savePage
FN:336,deletePage
FN:359,renamePage
FN:369,setRealtimeAdapter
FN:376,connectRealtime
FN:458,disconnectRealtime
FN:469,sendCursorMove
FN:476,sendOperation
FN:483,handleRemoteOperation
FN:496,queueOperation
FN:519,markOpsAcked
FN:531,applySnapshot
FN:545,applyReplayOperations
FN:557,handleResyncResponse
FN:585,handleVersionConflict
FN:600,handleBoardFrozen
FN:608,handlePresenterChanged
FN:616,toggleFollowPresenter
FN:624,sendFreeze
FN:639,sendClearPage
FN:654,sendSetPresenter
FN:669,loadWorkspaceState
FN:702,handlePresenterPageChanged
FN:717,sendPresenterPageSwitch
FN:727,toggleFollowMode
FN:740,checkSafeMode
FN:749,enterSafeMode
FN:768,exitSafeMode
FN:778,setStorageAdapter
FN:782,setPolicyAdapter
FN:786,reset
FNF:37
FNH:5
FNDA:11,bootstrap
FNDA:0,createPage
FNDA:0,showPaywall
FNDA:0,closePaywall
FNDA:0,switchToPage
FNDA:1,loadActivePage
FNDA:0,savePage
FNDA:0,deletePage
FNDA:0,renamePage
FNDA:0,setRealtimeAdapter
FNDA:0,connectRealtime
FNDA:0,disconnectRealtime
FNDA:0,sendCursorMove
FNDA:0,sendOperation
FNDA:0,handleRemoteOperation
FNDA:0,queueOperation
FNDA:0,markOpsAcked
FNDA:0,applySnapshot
FNDA:0,applyReplayOperations
FNDA:0,handleResyncResponse
FNDA:0,handleVersionConflict
FNDA:0,handleBoardFrozen
FNDA:0,handlePresenterChanged
FNDA:0,toggleFollowPresenter
FNDA:0,sendFreeze
FNDA:0,sendClearPage
FNDA:0,sendSetPresenter
FNDA:1,loadWorkspaceState
FNDA:0,handlePresenterPageChanged
FNDA:0,sendPresenterPageSwitch
FNDA:0,toggleFollowMode
FNDA:0,checkSafeMode
FNDA:0,enterSafeMode
FNDA:0,exitSafeMode
FNDA:2,setStorageAdapter
FNDA:2,setPolicyAdapter
FNDA:0,reset
DA:1,1
DA:27,1
DA:29,11
DA:30,11
DA:31,11
DA:34,11
DA:35,11
DA:36,11
DA:37,11
DA:38,11
DA:39,11
DA:42,11
DA:45,11
DA:46,11
DA:49,11
DA:50,11
DA:51,11
DA:54,11
DA:55,11
DA:56,11
DA:57,11
DA:60,11
DA:61,11
DA:62,11
DA:63,11
DA:66,11
DA:67,11
DA:70,11
DA:71,11
DA:74,11
DA:75,11
DA:76,11
DA:77,0
DA:78,0
DA:79,11
DA:82,11
DA:83,2
DA:84,2
DA:85,2
DA:86,11
DA:88,11
DA:94,11
DA:95,11
DA:96,11
DA:97,11
DA:99,11
DA:101,11
DA:102,10
DA:105,10
DA:106,10
DA:107,10
DA:108,10
DA:109,10
DA:110,10
DA:111,10
DA:112,10
DA:113,10
DA:114,10
DA:115,10
DA:116,10
DA:117,10
DA:118,10
DA:119,10
DA:120,10
DA:121,10
DA:122,10
DA:123,10
DA:124,10
DA:125,10
DA:126,10
DA:127,10
DA:128,10
DA:129,10
DA:130,10
DA:131,10
DA:132,10
DA:133,10
DA:134,10
DA:136,10
DA:137,10
DA:140,10
DA:141,10
DA:142,10
DA:143,10
DA:144,10
DA:145,10
DA:146,10
DA:147,10
DA:150,10
DA:151,10
DA:152,10
DA:154,10
DA:155,10
DA:156,10
DA:157,10
DA:161,1
DA:164,1
DA:165,1
DA:168,1
DA:169,1
DA:172,11
DA:173,0
DA:174,11
DA:175,1
DA:176,1
DA:177,1
DA:179,1
DA:180,11
DA:181,0
DA:182,0
DA:183,0
DA:184,0
DA:185,0
DA:186,11
DA:192,11
DA:193,0
DA:194,0
DA:195,0
DA:198,0
DA:199,0
DA:200,0
DA:201,0
DA:202,0
DA:203,0
DA:204,0
DA:205,0
DA:206,0
DA:208,0
DA:209,0
DA:211,0
DA:212,0
DA:215,0
DA:216,0
DA:217,0
DA:218,0
DA:219,0
DA:220,0
DA:221,0
DA:224,0
DA:227,0
DA:229,0
DA:230,0
DA:231,0
DA:233,0
DA:234,0
DA:235,0
DA:237,0
DA:238,0
DA:239,0
DA:240,0
DA:241,0
DA:242,0
DA:247,11
DA:248,0
DA:249,0
DA:250,0
DA:255,11
DA:256,0
DA:257,0
DA:258,0
DA:263,11
DA:264,0
DA:266,0
DA:267,0
DA:269,0
DA:270,0
DA:271,0
DA:272,0
DA:273,0
DA:274,0
DA:275,0
DA:276,0
DA:277,0
DA:278,0
DA:279,0
DA:284,11
DA:285,1
DA:287,1
DA:288,1
DA:289,1
DA:290,1
DA:291,0
DA:292,0
DA:293,0
DA:294,1
DA:299,11
DA:300,0
DA:301,0
DA:302,0
DA:304,0
DA:305,0
DA:307,0
DA:308,0
DA:309,0
DA:310,0
DA:311,0
DA:314,0
DA:315,0
DA:318,0
DA:319,0
DA:320,0
DA:321,0
DA:322,0
DA:324,0
DA:325,0
DA:326,0
DA:327,0
DA:328,0
DA:329,0
DA:330,0
DA:331,0
DA:336,11
DA:337,0
DA:338,0
DA:339,0
DA:341,0
DA:342,0
DA:345,0
DA:346,0
DA:347,0
DA:348,0
DA:349,0
DA:350,0
DA:353,0
DA:354,0
DA:359,11
DA:360,0
DA:361,0
DA:362,0
DA:363,0
DA:364,0
DA:369,11
DA:370,0
DA:371,0
DA:376,11
DA:377,0
DA:378,0
DA:379,0
DA:381,0
DA:383,0
DA:384,0
DA:385,0
DA:388,0
DA:389,0
DA:390,0
DA:392,0
DA:393,0
DA:396,0
DA:397,0
DA:398,0
DA:399,0
DA:400,0
DA:401,0
DA:402,0
DA:404,0
DA:405,0
DA:406,0
DA:408,0
DA:409,0
DA:410,0
DA:413,0
DA:414,0
DA:415,0
DA:416,0
DA:417,0
DA:419,0
DA:420,0
DA:421,0
DA:422,0
DA:423,0
DA:426,0
DA:427,0
DA:428,0
DA:429,0
DA:430,0
DA:431,0
DA:433,0
DA:434,0
DA:435,0
DA:436,0
DA:437,0
DA:440,0
DA:441,0
DA:442,0
DA:443,0
DA:444,0
DA:447,0
DA:448,0
DA:449,0
DA:450,0
DA:451,0
DA:452,0
DA:453,0
DA:458,11
DA:459,0
DA:460,0
DA:461,0
DA:462,0
DA:463,0
DA:464,0
DA:469,11
DA:470,0
DA:471,0
DA:476,11
DA:477,0
DA:478,0
DA:483,11
DA:484,0
DA:486,0
DA:489,0
DA:490,0
DA:491,0
DA:496,11
DA:497,0
DA:499,0
DA:500,0
DA:501,0
DA:502,0
DA:503,0
DA:504,0
DA:505,0
DA:507,0
DA:508,0
DA:511,0
DA:512,0
DA:513,0
DA:514,0
DA:519,11
DA:520,0
DA:521,0
DA:522,0
DA:524,0
DA:525,0
DA:526,0
DA:531,11
DA:532,0
DA:534,0
DA:535,0
DA:536,0
DA:537,0
DA:539,0
DA:540,0
DA:545,11
DA:546,0
DA:547,0
DA:548,0
DA:549,0
DA:551,0
DA:552,0
DA:557,11
DA:558,0
DA:560,0
DA:562,0
DA:564,0
DA:567,0
DA:570,0
DA:571,0
DA:572,0
DA:573,0
DA:574,0
DA:576,0
DA:577,0
DA:578,0
DA:579,0
DA:580,0
DA:585,11
DA:586,0
DA:587,0
DA:589,0
DA:590,0
DA:591,0
DA:592,0
DA:593,0
DA:594,0
DA:595,0
DA:600,11
DA:601,0
DA:602,0
DA:603,0
DA:608,11
DA:609,0
DA:610,0
DA:611,0
DA:616,11
DA:617,0
DA:618,0
DA:619,0
DA:624,11
DA:625,0
DA:626,0
DA:627,0
DA:628,0
DA:630,0
DA:631,0
DA:632,0
DA:633,0
DA:634,0
DA:639,11
DA:640,0
DA:641,0
DA:642,0
DA:643,0
DA:645,0
DA:646,0
DA:647,0
DA:648,0
DA:649,0
DA:654,11
DA:655,0
DA:656,0
DA:657,0
DA:658,0
DA:660,0
DA:661,0
DA:662,0
DA:663,0
DA:664,0
DA:669,11
DA:670,1
DA:672,1
DA:673,1
DA:674,1
DA:675,1
DA:677,1
DA:678,0
DA:679,0
DA:681,1
DA:683,1
DA:684,1
DA:685,1
DA:686,1
DA:688,1
DA:689,1
DA:690,1
DA:691,1
DA:692,1
DA:693,1
DA:694,1
DA:695,0
DA:696,0
DA:697,1
DA:702,11
DA:703,0
DA:705,0
DA:708,0
DA:709,0
DA:710,0
DA:711,0
DA:712,0
DA:717,11
DA:718,0
DA:719,0
DA:720,0
DA:721,0
DA:722,0
DA:727,11
DA:728,0
DA:729,0
DA:732,0
DA:733,0
DA:734,0
DA:735,0
DA:740,11
DA:741,0
DA:742,0
DA:743,0
DA:744,0
DA:749,11
DA:750,0
DA:751,0
DA:752,0
DA:753,0
DA:754,0
DA:757,0
DA:758,0
DA:759,0
DA:760,0
DA:761,0
DA:762,0
DA:763,0
DA:768,11
DA:769,0
DA:770,0
DA:771,0
DA:772,0
DA:773,0
DA:778,11
DA:779,2
DA:780,2
DA:782,11
DA:783,2
DA:784,2
DA:786,11
DA:787,0
DA:788,0
DA:789,0
DA:790,0
DA:791,0
DA:792,0
DA:793,0
DA:794,0
DA:795,0
DA:796,0
DA:797,0
DA:798,0
DA:801,0
DA:802,0
DA:803,0
DA:804,0
DA:807,0
DA:808,0
DA:811,0
DA:812,0
DA:814,11
DA:816,11
DA:817,11
DA:818,11
DA:819,11
DA:820,11
DA:821,11
DA:822,11
DA:823,11
DA:824,11
DA:825,11
DA:826,11
DA:827,11
DA:828,11
DA:829,11
DA:830,11
DA:831,11
DA:834,11
DA:835,11
DA:836,11
DA:837,11
DA:840,11
DA:841,11
DA:844,11
DA:847,11
DA:848,11
DA:849,11
DA:850,11
DA:851,11
DA:854,11
DA:855,11
DA:856,11
DA:857,11
DA:858,11
DA:859,11
DA:860,11
DA:861,11
DA:862,11
DA:863,11
DA:866,11
DA:867,11
DA:868,11
DA:869,11
DA:870,11
DA:871,11
DA:874,11
DA:875,11
DA:876,11
DA:877,11
DA:880,11
DA:881,11
DA:882,11
DA:883,11
DA:884,11
DA:885,11
DA:886,11
DA:889,11
DA:890,11
DA:891,11
DA:894,11
DA:895,11
DA:896,11
DA:899,11
DA:900,11
DA:901,11
DA:902,11
LF:579
LH:237
BRDA:27,0,0,11
BRDA:75,1,0,1
BRDA:82,2,0,2
BRDA:83,3,0,0
BRDA:84,4,0,0
BRDA:88,5,0,2
BRDA:94,6,0,11
BRDA:101,7,0,10
BRDA:157,8,0,1
BRDA:172,9,0,0
BRDA:174,10,0,1
BRDA:180,11,0,0
BRDA:284,12,0,1
BRDA:285,13,0,0
BRDA:290,14,0,0
BRDA:669,15,0,1
BRDA:670,16,0,0
BRDA:677,17,0,0
BRDA:683,18,0,0
BRDA:694,19,0,0
BRDA:778,20,0,2
BRDA:782,21,0,2
BRF:22
BRH:12
end_of_record
